[debug] [2024-10-09T01:47:49.960Z] ----------------------------------------------------------------------
[debug] [2024-10-09T01:47:49.967Z] Command:       C:\Program Files\nodejs\node.exe C:\Users\leand\AppData\Roaming\npm\node_modules\firebase-tools\lib\bin\firebase.js init
[debug] [2024-10-09T01:47:49.968Z] CLI Version:   13.20.2
[debug] [2024-10-09T01:47:49.969Z] Platform:      win32
[debug] [2024-10-09T01:47:49.970Z] Node Version:  v20.17.0
[debug] [2024-10-09T01:47:49.970Z] Time:          Tue Oct 08 2024 18:47:49 GMT-0700 (Pacific Daylight Saving Time)
[debug] [2024-10-09T01:47:49.971Z] ----------------------------------------------------------------------
[debug] 
[debug] [2024-10-09T01:47:49.990Z] > command requires scopes: ["email","openid","https://www.googleapis.com/auth/cloudplatformprojects.readonly","https://www.googleapis.com/auth/firebase","https://www.googleapis.com/auth/cloud-platform"]
[debug] [2024-10-09T01:47:49.991Z] > authorizing via signed-in user (leandrosouzag2@gmail.com)
[info] 
     ######## #### ########  ######## ########     ###     ######  ########
     ##        ##  ##     ## ##       ##     ##  ##   ##  ##       ##
     ######    ##  ########  ######   ########  #########  ######  ######
     ##        ##  ##    ##  ##       ##     ## ##     ##       ## ##
     ##       #### ##     ## ######## ########  ##     ##  ######  ########

You're about to initialize a Firebase project in this directory:

  C:\Users\leand\Desktop\Assignments\Assignment4

[info] 
=== Project Setup
[info] 
[info] First, let's associate this project directory with a Firebase project.
[info] You can create multiple project aliases by running firebase use --add, 
[info] but for now we'll just set up a default project.
[info] 
[debug] [2024-10-09T01:47:57.199Z] Checked if tokens are valid: false, expires at: 1728438483311
[debug] [2024-10-09T01:47:57.199Z] Checked if tokens are valid: false, expires at: 1728438483311
[debug] [2024-10-09T01:47:57.200Z] > refreshing access token with scopes: []
[debug] [2024-10-09T01:47:57.205Z] >>> [apiv2][query] POST https://www.googleapis.com/oauth2/v3/token [none]
[debug] [2024-10-09T01:47:57.205Z] >>> [apiv2][body] POST https://www.googleapis.com/oauth2/v3/token [omitted]
[debug] [2024-10-09T01:47:57.437Z] <<< [apiv2][status] POST https://www.googleapis.com/oauth2/v3/token 200
[debug] [2024-10-09T01:47:57.437Z] <<< [apiv2][body] POST https://www.googleapis.com/oauth2/v3/token [omitted]
[debug] [2024-10-09T01:47:57.467Z] >>> [apiv2][query] GET https://firebase.googleapis.com/v1beta1/projects pageSize=100
[debug] [2024-10-09T01:47:57.723Z] <<< [apiv2][status] GET https://firebase.googleapis.com/v1beta1/projects 200
[debug] [2024-10-09T01:47:57.723Z] <<< [apiv2][body] GET https://firebase.googleapis.com/v1beta1/projects [omitted]
